<?xml version="1.0" encoding="UTF-8"?>
<testsuite xmlns:xsi="http://www.w3.org/2001/XMLSchema-instance" xsi:noNamespaceSchemaLocation="https://maven.apache.org/surefire/maven-surefire-plugin/xsd/surefire-test-report-3.0.xsd" version="3.0" name="com.fresco.ecommerce.EcommerceApplicationTests" time="8.519" tests="22" errors="15" skipped="0" failures="7">
  <properties>
[...]
</properties>
  <testcase name="productSearchStatus" classname="com.fresco.ecommerce.EcommerceApplicationTests" time="0.518">
    <failure message="Response status expected:&lt;200&gt; but was:&lt;401&gt;" type="java.lang.AssertionError"><![CDATA[java.lang.AssertionError: Response status expected:<200> but was:<401>
	at org.springframework.test.util.AssertionErrors.fail(AssertionErrors.java:59)
	at org.springframework.test.util.AssertionErrors.assertEquals(AssertionErrors.java:122)
	at org.springframework.test.web.servlet.result.StatusResultMatchers.lambda$is$1(StatusResultMatchers.java:64)
	at org.springframework.test.web.servlet.MockMvc$1.andExpect(MockMvc.java:214)
	at com.fresco.ecommerce.EcommerceApplicationTests.productSearchStatus(EcommerceApplicationTests.java:61)
	at java.base/java.lang.reflect.Method.invoke(Method.java:580)
	at java.base/java.util.ArrayList.forEach(ArrayList.java:1596)
	at java.base/java.util.ArrayList.forEach(ArrayList.java:1596)
]]></failure>
    <system-out><![CDATA[21:14:39.955 [main] INFO org.springframework.test.context.support.AnnotationConfigContextLoaderUtils -- Could not detect default configuration classes for test class [com.fresco.ecommerce.EcommerceApplicationTests]: EcommerceApplicationTests does not declare any static, non-private, non-final, nested classes annotated with @Configuration.
21:14:40.147 [main] INFO org.springframework.boot.test.context.SpringBootTestContextBootstrapper -- Found @SpringBootConfiguration com.fresco.ecommerce.EcommerceApplication for test class com.fresco.ecommerce.EcommerceApplicationTests
21:14:40.415 [main] INFO org.springframework.boot.devtools.restart.RestartApplicationListener -- Restart disabled due to context in which it is running
  .   ____          _            __ _ _
 /\\ / ___'_ __ _ _(_)_ __  __ _ \ \ \ \
( ( )\___ | '_ | '_| | '_ \/ _` | \ \ \ \
 \\/  ___)| |_)| | | | | || (_| |  ) ) ) )
  '  |____| .__|_| |_|_| |_\__, | / / / /
 =========|_|==============|___/=/_/_/_/

 :: Spring Boot ::                (v3.3.0)

2025-03-25T21:14:40.858+05:30  INFO 11832 --- [ecommerce] [           main] c.f.ecommerce.EcommerceApplicationTests  : Starting EcommerceApplicationTests using Java 21.0.2 with PID 11832 (started by rahul in C:\Users\rahul\OneDrive\Desktop\new_code\Project\t4_ecommerce_springbooth)
2025-03-25T21:14:40.861+05:30  INFO 11832 --- [ecommerce] [           main] c.f.ecommerce.EcommerceApplicationTests  : No active profile set, falling back to 1 default profile: "default"
2025-03-25T21:14:41.944+05:30  INFO 11832 --- [ecommerce] [           main] .s.d.r.c.RepositoryConfigurationDelegate : Bootstrapping Spring Data JPA repositories in DEFAULT mode.
2025-03-25T21:14:42.052+05:30  INFO 11832 --- [ecommerce] [           main] .s.d.r.c.RepositoryConfigurationDelegate : Finished Spring Data repository scanning in 96 ms. Found 5 JPA repository interfaces.
2025-03-25T21:14:42.745+05:30  INFO 11832 --- [ecommerce] [           main] com.zaxxer.hikari.HikariDataSource       : HikariPool-1 - Starting...
2025-03-25T21:14:43.005+05:30  INFO 11832 --- [ecommerce] [           main] com.zaxxer.hikari.pool.HikariPool        : HikariPool-1 - Added connection conn0: url=jdbc:h2:mem:testdb user=SA
2025-03-25T21:14:43.007+05:30  INFO 11832 --- [ecommerce] [           main] com.zaxxer.hikari.HikariDataSource       : HikariPool-1 - Start completed.
2025-03-25T21:14:43.086+05:30  INFO 11832 --- [ecommerce] [           main] o.hibernate.jpa.internal.util.LogHelper  : HHH000204: Processing PersistenceUnitInfo [name: default]
2025-03-25T21:14:43.291+05:30  INFO 11832 --- [ecommerce] [           main] org.hibernate.Version                    : HHH000412: Hibernate ORM core version 6.5.2.Final
2025-03-25T21:14:43.360+05:30  INFO 11832 --- [ecommerce] [           main] o.h.c.internal.RegionFactoryInitiator    : HHH000026: Second-level cache disabled
2025-03-25T21:14:43.859+05:30  INFO 11832 --- [ecommerce] [           main] o.s.o.j.p.SpringPersistenceUnitInfo      : No LoadTimeWeaver setup: ignoring JPA class transformer
2025-03-25T21:14:45.089+05:30  INFO 11832 --- [ecommerce] [           main] o.h.e.t.j.p.i.JtaPlatformInitiator       : HHH000489: No JTA platform available (set 'hibernate.transaction.jta.platform' to enable JTA platform integration)
2025-03-25T21:14:45.171+05:30  INFO 11832 --- [ecommerce] [           main] j.LocalContainerEntityManagerFactoryBean : Initialized JPA EntityManagerFactory for persistence unit 'default'
2025-03-25T21:14:45.999+05:30  WARN 11832 --- [ecommerce] [           main] JpaBaseConfiguration$JpaWebConfiguration : spring.jpa.open-in-view is enabled by default. Therefore, database queries may be performed during view rendering. Explicitly configure spring.jpa.open-in-view to disable this warning
2025-03-25T21:14:46.597+05:30  INFO 11832 --- [ecommerce] [           main] o.s.b.a.h2.H2ConsoleAutoConfiguration    : H2 console available at '/h2-console'. Database available at 'jdbc:h2:mem:testdb'
2025-03-25T21:14:46.823+05:30  INFO 11832 --- [ecommerce] [           main] o.s.s.web.DefaultSecurityFilterChain     : Will secure any request with [org.springframework.security.web.session.DisableEncodeUrlFilter@522221e1, org.springframework.security.web.context.request.async.WebAsyncManagerIntegrationFilter@14060410, org.springframework.security.web.context.SecurityContextHolderFilter@1cecd0a9, org.springframework.security.web.header.HeaderWriterFilter@2aac60b, org.springframework.web.filter.CorsFilter@58397dd, org.springframework.security.web.csrf.CsrfFilter@3f523dae, org.springframework.security.web.authentication.logout.LogoutFilter@402adc9c, org.springframework.security.web.authentication.UsernamePasswordAuthenticationFilter@43069adf, org.springframework.security.web.authentication.ui.DefaultLoginPageGeneratingFilter@29becf8b, org.springframework.security.web.authentication.ui.DefaultLogoutPageGeneratingFilter@620260ad, org.springframework.security.web.authentication.www.BasicAuthenticationFilter@2a0d8df8, org.springframework.security.web.savedrequest.RequestCacheAwareFilter@6fa5fc67, org.springframework.security.web.servletapi.SecurityContextHolderAwareRequestFilter@6df0d030, org.springframework.security.web.authentication.AnonymousAuthenticationFilter@216c6825, org.springframework.security.web.access.ExceptionTranslationFilter@12115c28, org.springframework.security.web.access.intercept.AuthorizationFilter@569d6e0d]
2025-03-25T21:14:46.833+05:30  WARN 11832 --- [ecommerce] [           main] o.s.s.c.a.web.builders.WebSecurity       : You are asking Spring Security to ignore Ant [pattern='/h2-console/**']. This is not recommended -- please use permitAll via HttpSecurity#authorizeHttpRequests instead.
2025-03-25T21:14:46.834+05:30  INFO 11832 --- [ecommerce] [           main] o.s.s.web.DefaultSecurityFilterChain     : Will not secure Ant [pattern='/h2-console/**']
2025-03-25T21:14:46.919+05:30  INFO 11832 --- [ecommerce] [           main] o.s.b.t.m.w.SpringBootMockServletContext : Initializing Spring TestDispatcherServlet ''
2025-03-25T21:14:46.919+05:30  INFO 11832 --- [ecommerce] [           main] o.s.t.web.servlet.TestDispatcherServlet  : Initializing Servlet ''
2025-03-25T21:14:46.920+05:30  INFO 11832 --- [ecommerce] [           main] o.s.t.web.servlet.TestDispatcherServlet  : Completed initialization in 1 ms
2025-03-25T21:14:46.942+05:30  INFO 11832 --- [ecommerce] [           main] c.f.ecommerce.EcommerceApplicationTests  : Started EcommerceApplicationTests in 6.547 seconds (process running for 8.111)
User Data got loaded in DB
Category Data got loaded in DB
Product Data got loaded in DB
Cart Data got loaded in DB
CartProduct Data got loaded in DB
2025-03-25T21:14:47.937+05:30  INFO 11832 --- [ecommerce] [           main] o.s.b.t.m.w.SpringBootMockServletContext : Initializing Spring TestDispatcherServlet ''
2025-03-25T21:14:47.937+05:30  INFO 11832 --- [ecommerce] [           main] o.s.t.web.servlet.TestDispatcherServlet  : Initializing Servlet ''
2025-03-25T21:14:47.938+05:30  INFO 11832 --- [ecommerce] [           main] o.s.t.web.servlet.TestDispatcherServlet  : Completed initialization in 1 ms
]]></system-out>
    <system-err><![CDATA[WARNING: A Java agent has been loaded dynamically (C:\Users\rahul\.m2\repository\net\bytebuddy\byte-buddy-agent\1.14.16\byte-buddy-agent-1.14.16.jar)
WARNING: If a serviceability tool is in use, please run with -XX:+EnableDynamicAgentLoading to hide this warning
WARNING: If a serviceability tool is not in use, please run with -Djdk.instrument.traceUsage for more information
WARNING: Dynamic loading of agents will be disallowed by default in a future release
]]></system-err>
  </testcase>
  <testcase name="productSearchWithoutKeyword" classname="com.fresco.ecommerce.EcommerceApplicationTests" time="0.006">
    <failure message="Response status expected:&lt;400&gt; but was:&lt;401&gt;" type="java.lang.AssertionError"><![CDATA[java.lang.AssertionError: Response status expected:<400> but was:<401>
	at org.springframework.test.util.AssertionErrors.fail(AssertionErrors.java:59)
	at org.springframework.test.util.AssertionErrors.assertEquals(AssertionErrors.java:122)
	at org.springframework.test.web.servlet.result.StatusResultMatchers.lambda$is$1(StatusResultMatchers.java:64)
	at org.springframework.test.web.servlet.MockMvc$1.andExpect(MockMvc.java:214)
	at com.fresco.ecommerce.EcommerceApplicationTests.productSearchWithoutKeyword(EcommerceApplicationTests.java:68)
	at java.base/java.lang.reflect.Method.invoke(Method.java:580)
	at java.base/java.util.ArrayList.forEach(ArrayList.java:1596)
	at java.base/java.util.ArrayList.forEach(ArrayList.java:1596)
]]></failure>
    <system-out><![CDATA[2025-03-25T21:14:47.992+05:30  INFO 11832 --- [ecommerce] [           main] o.s.b.t.m.w.SpringBootMockServletContext : Initializing Spring TestDispatcherServlet ''
2025-03-25T21:14:47.992+05:30  INFO 11832 --- [ecommerce] [           main] o.s.t.web.servlet.TestDispatcherServlet  : Initializing Servlet ''
2025-03-25T21:14:47.993+05:30  INFO 11832 --- [ecommerce] [           main] o.s.t.web.servlet.TestDispatcherServlet  : Completed initialization in 1 ms
]]></system-out>
  </testcase>
  <testcase name="productSearchWithProductName" classname="com.fresco.ecommerce.EcommerceApplicationTests" time="0.006">
    <failure message="Response status expected:&lt;200&gt; but was:&lt;401&gt;" type="java.lang.AssertionError"><![CDATA[java.lang.AssertionError: Response status expected:<200> but was:<401>
	at org.springframework.test.util.AssertionErrors.fail(AssertionErrors.java:59)
	at org.springframework.test.util.AssertionErrors.assertEquals(AssertionErrors.java:122)
	at org.springframework.test.web.servlet.result.StatusResultMatchers.lambda$is$1(StatusResultMatchers.java:64)
	at org.springframework.test.web.servlet.MockMvc$1.andExpect(MockMvc.java:214)
	at com.fresco.ecommerce.EcommerceApplicationTests.productSearchWithProductName(EcommerceApplicationTests.java:75)
	at java.base/java.lang.reflect.Method.invoke(Method.java:580)
	at java.base/java.util.ArrayList.forEach(ArrayList.java:1596)
	at java.base/java.util.ArrayList.forEach(ArrayList.java:1596)
]]></failure>
    <system-out><![CDATA[2025-03-25T21:14:47.999+05:30  INFO 11832 --- [ecommerce] [           main] o.s.b.t.m.w.SpringBootMockServletContext : Initializing Spring TestDispatcherServlet ''
2025-03-25T21:14:47.999+05:30  INFO 11832 --- [ecommerce] [           main] o.s.t.web.servlet.TestDispatcherServlet  : Initializing Servlet ''
2025-03-25T21:14:47.999+05:30  INFO 11832 --- [ecommerce] [           main] o.s.t.web.servlet.TestDispatcherServlet  : Completed initialization in 0 ms
]]></system-out>
  </testcase>
  <testcase name="productSearchWithCategoryName" classname="com.fresco.ecommerce.EcommerceApplicationTests" time="0.007">
    <failure message="Response status expected:&lt;200&gt; but was:&lt;401&gt;" type="java.lang.AssertionError"><![CDATA[java.lang.AssertionError: Response status expected:<200> but was:<401>
	at org.springframework.test.util.AssertionErrors.fail(AssertionErrors.java:59)
	at org.springframework.test.util.AssertionErrors.assertEquals(AssertionErrors.java:122)
	at org.springframework.test.web.servlet.result.StatusResultMatchers.lambda$is$1(StatusResultMatchers.java:64)
	at org.springframework.test.web.servlet.MockMvc$1.andExpect(MockMvc.java:214)
	at com.fresco.ecommerce.EcommerceApplicationTests.productSearchWithCategoryName(EcommerceApplicationTests.java:95)
	at java.base/java.lang.reflect.Method.invoke(Method.java:580)
	at java.base/java.util.ArrayList.forEach(ArrayList.java:1596)
	at java.base/java.util.ArrayList.forEach(ArrayList.java:1596)
]]></failure>
    <system-out><![CDATA[2025-03-25T21:14:48.006+05:30  INFO 11832 --- [ecommerce] [           main] o.s.b.t.m.w.SpringBootMockServletContext : Initializing Spring TestDispatcherServlet ''
2025-03-25T21:14:48.006+05:30  INFO 11832 --- [ecommerce] [           main] o.s.t.web.servlet.TestDispatcherServlet  : Initializing Servlet ''
2025-03-25T21:14:48.007+05:30  INFO 11832 --- [ecommerce] [           main] o.s.t.web.servlet.TestDispatcherServlet  : Completed initialization in 1 ms
]]></system-out>
  </testcase>
  <testcase name="consumerLoginWithBadCreds" classname="com.fresco.ecommerce.EcommerceApplicationTests" time="0.012">
    <failure message="Response status expected:&lt;401&gt; but was:&lt;403&gt;" type="java.lang.AssertionError"><![CDATA[java.lang.AssertionError: Response status expected:<401> but was:<403>
	at org.springframework.test.util.AssertionErrors.fail(AssertionErrors.java:59)
	at org.springframework.test.util.AssertionErrors.assertEquals(AssertionErrors.java:122)
	at org.springframework.test.web.servlet.result.StatusResultMatchers.lambda$is$1(StatusResultMatchers.java:64)
	at org.springframework.test.web.servlet.MockMvc$1.andExpect(MockMvc.java:214)
	at com.fresco.ecommerce.EcommerceApplicationTests.consumerLoginWithBadCreds(EcommerceApplicationTests.java:118)
	at java.base/java.lang.reflect.Method.invoke(Method.java:580)
	at java.base/java.util.ArrayList.forEach(ArrayList.java:1596)
	at java.base/java.util.ArrayList.forEach(ArrayList.java:1596)
]]></failure>
    <system-out><![CDATA[2025-03-25T21:14:48.016+05:30  INFO 11832 --- [ecommerce] [           main] o.s.b.t.m.w.SpringBootMockServletContext : Initializing Spring TestDispatcherServlet ''
2025-03-25T21:14:48.016+05:30  INFO 11832 --- [ecommerce] [           main] o.s.t.web.servlet.TestDispatcherServlet  : Initializing Servlet ''
2025-03-25T21:14:48.016+05:30  INFO 11832 --- [ecommerce] [           main] o.s.t.web.servlet.TestDispatcherServlet  : Completed initialization in 0 ms
]]></system-out>
  </testcase>
  <testcase name="consumerLoginWithValidCreds" classname="com.fresco.ecommerce.EcommerceApplicationTests" time="0.013">
    <failure message="expected: &lt;200&gt; but was: &lt;403&gt;" type="org.opentest4j.AssertionFailedError"><![CDATA[org.opentest4j.AssertionFailedError: expected: <200> but was: <403>
	at org.junit.jupiter.api.AssertionFailureBuilder.build(AssertionFailureBuilder.java:151)
	at org.junit.jupiter.api.AssertionFailureBuilder.buildAndThrow(AssertionFailureBuilder.java:132)
	at org.junit.jupiter.api.AssertEquals.failNotEqual(AssertEquals.java:197)
	at org.junit.jupiter.api.AssertEquals.assertEquals(AssertEquals.java:150)
	at org.junit.jupiter.api.AssertEquals.assertEquals(AssertEquals.java:145)
	at org.junit.jupiter.api.Assertions.assertEquals(Assertions.java:531)
	at com.fresco.ecommerce.EcommerceApplicationTests.consumerLoginWithValidCreds(EcommerceApplicationTests.java:137)
	at java.base/java.lang.reflect.Method.invoke(Method.java:580)
	at java.base/java.util.ArrayList.forEach(ArrayList.java:1596)
	at java.base/java.util.ArrayList.forEach(ArrayList.java:1596)
]]></failure>
    <system-out><![CDATA[2025-03-25T21:14:48.029+05:30  INFO 11832 --- [ecommerce] [           main] o.s.b.t.m.w.SpringBootMockServletContext : Initializing Spring TestDispatcherServlet ''
2025-03-25T21:14:48.029+05:30  INFO 11832 --- [ecommerce] [           main] o.s.t.web.servlet.TestDispatcherServlet  : Initializing Servlet ''
2025-03-25T21:14:48.030+05:30  INFO 11832 --- [ecommerce] [           main] o.s.t.web.servlet.TestDispatcherServlet  : Completed initialization in 1 ms
]]></system-out>
  </testcase>
  <testcase name="consumerGetCartWithValidJWT" classname="com.fresco.ecommerce.EcommerceApplicationTests" time="0.008">
    <error message="End of input at character 0 of " type="org.json.JSONException"><![CDATA[org.json.JSONException: End of input at character 0 of 
	at org.json.JSONTokener.syntaxError(JSONTokener.java:450)
	at org.json.JSONTokener.nextValue(JSONTokener.java:97)
	at org.json.JSONObject.<init>(JSONObject.java:155)
	at org.json.JSONObject.<init>(JSONObject.java:172)
	at com.fresco.ecommerce.EcommerceApplicationTests.consumerGetCartWithValidJWT(EcommerceApplicationTests.java:147)
	at java.base/java.lang.reflect.Method.invoke(Method.java:580)
	at java.base/java.util.ArrayList.forEach(ArrayList.java:1596)
	at java.base/java.util.ArrayList.forEach(ArrayList.java:1596)
]]></error>
    <system-out><![CDATA[2025-03-25T21:14:48.044+05:30  INFO 11832 --- [ecommerce] [           main] o.s.b.t.m.w.SpringBootMockServletContext : Initializing Spring TestDispatcherServlet ''
2025-03-25T21:14:48.044+05:30  INFO 11832 --- [ecommerce] [           main] o.s.t.web.servlet.TestDispatcherServlet  : Initializing Servlet ''
2025-03-25T21:14:48.045+05:30  INFO 11832 --- [ecommerce] [           main] o.s.t.web.servlet.TestDispatcherServlet  : Completed initialization in 1 ms
]]></system-out>
  </testcase>
  <testcase name="sellerApiWithConsumerJWT" classname="com.fresco.ecommerce.EcommerceApplicationTests" time="0.005">
    <error message="End of input at character 0 of " type="org.json.JSONException"><![CDATA[org.json.JSONException: End of input at character 0 of 
	at org.json.JSONTokener.syntaxError(JSONTokener.java:450)
	at org.json.JSONTokener.nextValue(JSONTokener.java:97)
	at org.json.JSONObject.<init>(JSONObject.java:155)
	at org.json.JSONObject.<init>(JSONObject.java:172)
	at com.fresco.ecommerce.EcommerceApplicationTests.sellerApiWithConsumerJWT(EcommerceApplicationTests.java:166)
	at java.base/java.lang.reflect.Method.invoke(Method.java:580)
	at java.base/java.util.ArrayList.forEach(ArrayList.java:1596)
	at java.base/java.util.ArrayList.forEach(ArrayList.java:1596)
]]></error>
    <system-out><![CDATA[2025-03-25T21:14:48.053+05:30  INFO 11832 --- [ecommerce] [           main] o.s.b.t.m.w.SpringBootMockServletContext : Initializing Spring TestDispatcherServlet ''
2025-03-25T21:14:48.053+05:30  INFO 11832 --- [ecommerce] [           main] o.s.t.web.servlet.TestDispatcherServlet  : Initializing Servlet ''
2025-03-25T21:14:48.054+05:30  INFO 11832 --- [ecommerce] [           main] o.s.t.web.servlet.TestDispatcherServlet  : Completed initialization in 1 ms
]]></system-out>
  </testcase>
  <testcase name="sellerLoginWithValidCreds" classname="com.fresco.ecommerce.EcommerceApplicationTests" time="0.006">
    <failure message="expected: &lt;200&gt; but was: &lt;403&gt;" type="org.opentest4j.AssertionFailedError"><![CDATA[org.opentest4j.AssertionFailedError: expected: <200> but was: <403>
	at org.junit.jupiter.api.AssertionFailureBuilder.build(AssertionFailureBuilder.java:151)
	at org.junit.jupiter.api.AssertionFailureBuilder.buildAndThrow(AssertionFailureBuilder.java:132)
	at org.junit.jupiter.api.AssertEquals.failNotEqual(AssertEquals.java:197)
	at org.junit.jupiter.api.AssertEquals.assertEquals(AssertEquals.java:150)
	at org.junit.jupiter.api.AssertEquals.assertEquals(AssertEquals.java:145)
	at org.junit.jupiter.api.Assertions.assertEquals(Assertions.java:531)
	at com.fresco.ecommerce.EcommerceApplicationTests.sellerLoginWithValidCreds(EcommerceApplicationTests.java:178)
	at java.base/java.lang.reflect.Method.invoke(Method.java:580)
	at java.base/java.util.ArrayList.forEach(ArrayList.java:1596)
	at java.base/java.util.ArrayList.forEach(ArrayList.java:1596)
]]></failure>
    <system-out><![CDATA[2025-03-25T21:14:48.059+05:30  INFO 11832 --- [ecommerce] [           main] o.s.b.t.m.w.SpringBootMockServletContext : Initializing Spring TestDispatcherServlet ''
2025-03-25T21:14:48.059+05:30  INFO 11832 --- [ecommerce] [           main] o.s.t.web.servlet.TestDispatcherServlet  : Initializing Servlet ''
2025-03-25T21:14:48.060+05:30  INFO 11832 --- [ecommerce] [           main] o.s.t.web.servlet.TestDispatcherServlet  : Completed initialization in 1 ms
]]></system-out>
  </testcase>
  <testcase name="sellerGetProductsWithValidJWT" classname="com.fresco.ecommerce.EcommerceApplicationTests" time="0.006">
    <error message="End of input at character 0 of " type="org.json.JSONException"><![CDATA[org.json.JSONException: End of input at character 0 of 
	at org.json.JSONTokener.syntaxError(JSONTokener.java:450)
	at org.json.JSONTokener.nextValue(JSONTokener.java:97)
	at org.json.JSONObject.<init>(JSONObject.java:155)
	at org.json.JSONObject.<init>(JSONObject.java:172)
	at com.fresco.ecommerce.EcommerceApplicationTests.sellerGetProductsWithValidJWT(EcommerceApplicationTests.java:187)
	at java.base/java.lang.reflect.Method.invoke(Method.java:580)
	at java.base/java.util.ArrayList.forEach(ArrayList.java:1596)
	at java.base/java.util.ArrayList.forEach(ArrayList.java:1596)
]]></error>
    <system-out><![CDATA[2025-03-25T21:14:48.067+05:30  INFO 11832 --- [ecommerce] [           main] o.s.b.t.m.w.SpringBootMockServletContext : Initializing Spring TestDispatcherServlet ''
2025-03-25T21:14:48.067+05:30  INFO 11832 --- [ecommerce] [           main] o.s.t.web.servlet.TestDispatcherServlet  : Initializing Servlet ''
2025-03-25T21:14:48.068+05:30  INFO 11832 --- [ecommerce] [           main] o.s.t.web.servlet.TestDispatcherServlet  : Completed initialization in 1 ms
]]></system-out>
  </testcase>
  <testcase name="consumerApiWithSellerJWT" classname="com.fresco.ecommerce.EcommerceApplicationTests" time="0.007">
    <error message="End of input at character 0 of " type="org.json.JSONException"><![CDATA[org.json.JSONException: End of input at character 0 of 
	at org.json.JSONTokener.syntaxError(JSONTokener.java:450)
	at org.json.JSONTokener.nextValue(JSONTokener.java:97)
	at org.json.JSONObject.<init>(JSONObject.java:155)
	at org.json.JSONObject.<init>(JSONObject.java:172)
	at com.fresco.ecommerce.EcommerceApplicationTests.consumerApiWithSellerJWT(EcommerceApplicationTests.java:205)
	at java.base/java.lang.reflect.Method.invoke(Method.java:580)
	at java.base/java.util.ArrayList.forEach(ArrayList.java:1596)
	at java.base/java.util.ArrayList.forEach(ArrayList.java:1596)
]]></error>
    <system-out><![CDATA[2025-03-25T21:14:48.075+05:30  INFO 11832 --- [ecommerce] [           main] o.s.b.t.m.w.SpringBootMockServletContext : Initializing Spring TestDispatcherServlet ''
2025-03-25T21:14:48.075+05:30  INFO 11832 --- [ecommerce] [           main] o.s.t.web.servlet.TestDispatcherServlet  : Initializing Servlet ''
2025-03-25T21:14:48.076+05:30  INFO 11832 --- [ecommerce] [           main] o.s.t.web.servlet.TestDispatcherServlet  : Completed initialization in 1 ms
]]></system-out>
  </testcase>
  <testcase name="sellerAddNewProduct" classname="com.fresco.ecommerce.EcommerceApplicationTests" time="0.008">
    <error message="End of input at character 0 of " type="org.json.JSONException"><![CDATA[org.json.JSONException: End of input at character 0 of 
	at org.json.JSONTokener.syntaxError(JSONTokener.java:450)
	at org.json.JSONTokener.nextValue(JSONTokener.java:97)
	at org.json.JSONObject.<init>(JSONObject.java:155)
	at org.json.JSONObject.<init>(JSONObject.java:172)
	at com.fresco.ecommerce.EcommerceApplicationTests.sellerAddNewProduct(EcommerceApplicationTests.java:235)
	at java.base/java.lang.reflect.Method.invoke(Method.java:580)
	at java.base/java.util.ArrayList.forEach(ArrayList.java:1596)
	at java.base/java.util.ArrayList.forEach(ArrayList.java:1596)
]]></error>
    <system-out><![CDATA[2025-03-25T21:14:48.084+05:30  INFO 11832 --- [ecommerce] [           main] o.s.b.t.m.w.SpringBootMockServletContext : Initializing Spring TestDispatcherServlet ''
2025-03-25T21:14:48.084+05:30  INFO 11832 --- [ecommerce] [           main] o.s.t.web.servlet.TestDispatcherServlet  : Initializing Servlet ''
2025-03-25T21:14:48.085+05:30  INFO 11832 --- [ecommerce] [           main] o.s.t.web.servlet.TestDispatcherServlet  : Completed initialization in 1 ms
]]></system-out>
  </testcase>
  <testcase name="sellerCheckAddedNewProduct" classname="com.fresco.ecommerce.EcommerceApplicationTests" time="0.008">
    <error message="End of input at character 0 of " type="org.json.JSONException"><![CDATA[org.json.JSONException: End of input at character 0 of 
	at org.json.JSONTokener.syntaxError(JSONTokener.java:450)
	at org.json.JSONTokener.nextValue(JSONTokener.java:97)
	at org.json.JSONObject.<init>(JSONObject.java:155)
	at org.json.JSONObject.<init>(JSONObject.java:172)
	at com.fresco.ecommerce.EcommerceApplicationTests.sellerCheckAddedNewProduct(EcommerceApplicationTests.java:252)
	at java.base/java.lang.reflect.Method.invoke(Method.java:580)
	at java.base/java.util.ArrayList.forEach(ArrayList.java:1596)
	at java.base/java.util.ArrayList.forEach(ArrayList.java:1596)
]]></error>
    <system-out><![CDATA[2025-03-25T21:14:48.093+05:30  INFO 11832 --- [ecommerce] [           main] o.s.b.t.m.w.SpringBootMockServletContext : Initializing Spring TestDispatcherServlet ''
2025-03-25T21:14:48.093+05:30  INFO 11832 --- [ecommerce] [           main] o.s.t.web.servlet.TestDispatcherServlet  : Initializing Servlet ''
2025-03-25T21:14:48.093+05:30  INFO 11832 --- [ecommerce] [           main] o.s.t.web.servlet.TestDispatcherServlet  : Completed initialization in 0 ms
]]></system-out>
  </testcase>
  <testcase name="sellerCheckProductFromAnotherSeller" classname="com.fresco.ecommerce.EcommerceApplicationTests" time="0.008">
    <error message="End of input at character 0 of " type="org.json.JSONException"><![CDATA[org.json.JSONException: End of input at character 0 of 
	at org.json.JSONTokener.syntaxError(JSONTokener.java:450)
	at org.json.JSONTokener.nextValue(JSONTokener.java:97)
	at org.json.JSONObject.<init>(JSONObject.java:155)
	at org.json.JSONObject.<init>(JSONObject.java:172)
	at com.fresco.ecommerce.EcommerceApplicationTests.sellerCheckProductFromAnotherSeller(EcommerceApplicationTests.java:272)
	at java.base/java.lang.reflect.Method.invoke(Method.java:580)
	at java.base/java.util.ArrayList.forEach(ArrayList.java:1596)
	at java.base/java.util.ArrayList.forEach(ArrayList.java:1596)
]]></error>
    <system-out><![CDATA[2025-03-25T21:14:48.103+05:30  INFO 11832 --- [ecommerce] [           main] o.s.b.t.m.w.SpringBootMockServletContext : Initializing Spring TestDispatcherServlet ''
2025-03-25T21:14:48.103+05:30  INFO 11832 --- [ecommerce] [           main] o.s.t.web.servlet.TestDispatcherServlet  : Initializing Servlet ''
2025-03-25T21:14:48.104+05:30  INFO 11832 --- [ecommerce] [           main] o.s.t.web.servlet.TestDispatcherServlet  : Completed initialization in 1 ms
]]></system-out>
  </testcase>
  <testcase name="sellerUpdateProduct" classname="com.fresco.ecommerce.EcommerceApplicationTests" time="0.006">
    <error message="End of input at character 0 of " type="org.json.JSONException"><![CDATA[org.json.JSONException: End of input at character 0 of 
	at org.json.JSONTokener.syntaxError(JSONTokener.java:450)
	at org.json.JSONTokener.nextValue(JSONTokener.java:97)
	at org.json.JSONObject.<init>(JSONObject.java:155)
	at org.json.JSONObject.<init>(JSONObject.java:172)
	at com.fresco.ecommerce.EcommerceApplicationTests.sellerUpdateProduct(EcommerceApplicationTests.java:289)
	at java.base/java.lang.reflect.Method.invoke(Method.java:580)
	at java.base/java.util.ArrayList.forEach(ArrayList.java:1596)
	at java.base/java.util.ArrayList.forEach(ArrayList.java:1596)
]]></error>
    <system-out><![CDATA[2025-03-25T21:14:48.112+05:30  INFO 11832 --- [ecommerce] [           main] o.s.b.t.m.w.SpringBootMockServletContext : Initializing Spring TestDispatcherServlet ''
2025-03-25T21:14:48.112+05:30  INFO 11832 --- [ecommerce] [           main] o.s.t.web.servlet.TestDispatcherServlet  : Initializing Servlet ''
2025-03-25T21:14:48.113+05:30  INFO 11832 --- [ecommerce] [           main] o.s.t.web.servlet.TestDispatcherServlet  : Completed initialization in 1 ms
]]></system-out>
  </testcase>
  <testcase name="sellerUpdateProductWithWrongProductId" classname="com.fresco.ecommerce.EcommerceApplicationTests" time="0.007">
    <error message="End of input at character 0 of " type="org.json.JSONException"><![CDATA[org.json.JSONException: End of input at character 0 of 
	at org.json.JSONTokener.syntaxError(JSONTokener.java:450)
	at org.json.JSONTokener.nextValue(JSONTokener.java:97)
	at org.json.JSONObject.<init>(JSONObject.java:155)
	at org.json.JSONObject.<init>(JSONObject.java:172)
	at com.fresco.ecommerce.EcommerceApplicationTests.sellerUpdateProductWithWrongProductId(EcommerceApplicationTests.java:316)
	at java.base/java.lang.reflect.Method.invoke(Method.java:580)
	at java.base/java.util.ArrayList.forEach(ArrayList.java:1596)
	at java.base/java.util.ArrayList.forEach(ArrayList.java:1596)
]]></error>
    <system-out><![CDATA[2025-03-25T21:14:48.119+05:30  INFO 11832 --- [ecommerce] [           main] o.s.b.t.m.w.SpringBootMockServletContext : Initializing Spring TestDispatcherServlet ''
2025-03-25T21:14:48.119+05:30  INFO 11832 --- [ecommerce] [           main] o.s.t.web.servlet.TestDispatcherServlet  : Initializing Servlet ''
2025-03-25T21:14:48.120+05:30  INFO 11832 --- [ecommerce] [           main] o.s.t.web.servlet.TestDispatcherServlet  : Completed initialization in 1 ms
]]></system-out>
  </testcase>
  <testcase name="consumerAddProductToCart" classname="com.fresco.ecommerce.EcommerceApplicationTests" time="0.008">
    <error message="End of input at character 0 of " type="org.json.JSONException"><![CDATA[org.json.JSONException: End of input at character 0 of 
	at org.json.JSONTokener.syntaxError(JSONTokener.java:450)
	at org.json.JSONTokener.nextValue(JSONTokener.java:97)
	at org.json.JSONObject.<init>(JSONObject.java:155)
	at org.json.JSONObject.<init>(JSONObject.java:172)
	at com.fresco.ecommerce.EcommerceApplicationTests.consumerAddProductToCart(EcommerceApplicationTests.java:332)
	at java.base/java.lang.reflect.Method.invoke(Method.java:580)
	at java.base/java.util.ArrayList.forEach(ArrayList.java:1596)
	at java.base/java.util.ArrayList.forEach(ArrayList.java:1596)
]]></error>
    <system-out><![CDATA[2025-03-25T21:14:48.128+05:30  INFO 11832 --- [ecommerce] [           main] o.s.b.t.m.w.SpringBootMockServletContext : Initializing Spring TestDispatcherServlet ''
2025-03-25T21:14:48.128+05:30  INFO 11832 --- [ecommerce] [           main] o.s.t.web.servlet.TestDispatcherServlet  : Initializing Servlet ''
2025-03-25T21:14:48.129+05:30  INFO 11832 --- [ecommerce] [           main] o.s.t.web.servlet.TestDispatcherServlet  : Completed initialization in 0 ms
]]></system-out>
  </testcase>
  <testcase name="consumerAddProductToCartAgain" classname="com.fresco.ecommerce.EcommerceApplicationTests" time="0.006">
    <error message="End of input at character 0 of " type="org.json.JSONException"><![CDATA[org.json.JSONException: End of input at character 0 of 
	at org.json.JSONTokener.syntaxError(JSONTokener.java:450)
	at org.json.JSONTokener.nextValue(JSONTokener.java:97)
	at org.json.JSONObject.<init>(JSONObject.java:155)
	at org.json.JSONObject.<init>(JSONObject.java:172)
	at com.fresco.ecommerce.EcommerceApplicationTests.consumerAddProductToCartAgain(EcommerceApplicationTests.java:355)
	at java.base/java.lang.reflect.Method.invoke(Method.java:580)
	at java.base/java.util.ArrayList.forEach(ArrayList.java:1596)
	at java.base/java.util.ArrayList.forEach(ArrayList.java:1596)
]]></error>
    <system-out><![CDATA[2025-03-25T21:14:48.135+05:30  INFO 11832 --- [ecommerce] [           main] o.s.b.t.m.w.SpringBootMockServletContext : Initializing Spring TestDispatcherServlet ''
2025-03-25T21:14:48.136+05:30  INFO 11832 --- [ecommerce] [           main] o.s.t.web.servlet.TestDispatcherServlet  : Initializing Servlet ''
2025-03-25T21:14:48.137+05:30  INFO 11832 --- [ecommerce] [           main] o.s.t.web.servlet.TestDispatcherServlet  : Completed initialization in 1 ms
]]></system-out>
  </testcase>
  <testcase name="consumerUpdateProductInCart" classname="com.fresco.ecommerce.EcommerceApplicationTests" time="0.007">
    <error message="End of input at character 0 of " type="org.json.JSONException"><![CDATA[org.json.JSONException: End of input at character 0 of 
	at org.json.JSONTokener.syntaxError(JSONTokener.java:450)
	at org.json.JSONTokener.nextValue(JSONTokener.java:97)
	at org.json.JSONObject.<init>(JSONObject.java:155)
	at org.json.JSONObject.<init>(JSONObject.java:172)
	at com.fresco.ecommerce.EcommerceApplicationTests.consumerUpdateProductInCart(EcommerceApplicationTests.java:380)
	at java.base/java.lang.reflect.Method.invoke(Method.java:580)
	at java.base/java.util.ArrayList.forEach(ArrayList.java:1596)
	at java.base/java.util.ArrayList.forEach(ArrayList.java:1596)
]]></error>
    <system-out><![CDATA[2025-03-25T21:14:48.143+05:30  INFO 11832 --- [ecommerce] [           main] o.s.b.t.m.w.SpringBootMockServletContext : Initializing Spring TestDispatcherServlet ''
2025-03-25T21:14:48.143+05:30  INFO 11832 --- [ecommerce] [           main] o.s.t.web.servlet.TestDispatcherServlet  : Initializing Servlet ''
2025-03-25T21:14:48.144+05:30  INFO 11832 --- [ecommerce] [           main] o.s.t.web.servlet.TestDispatcherServlet  : Completed initialization in 1 ms
]]></system-out>
  </testcase>
  <testcase name="consumerUpdateProductInCartWithZeroQuantity" classname="com.fresco.ecommerce.EcommerceApplicationTests" time="0.005">
    <error message="End of input at character 0 of " type="org.json.JSONException"><![CDATA[org.json.JSONException: End of input at character 0 of 
	at org.json.JSONTokener.syntaxError(JSONTokener.java:450)
	at org.json.JSONTokener.nextValue(JSONTokener.java:97)
	at org.json.JSONObject.<init>(JSONObject.java:155)
	at org.json.JSONObject.<init>(JSONObject.java:172)
	at com.fresco.ecommerce.EcommerceApplicationTests.consumerUpdateProductInCartWithZeroQuantity(EcommerceApplicationTests.java:405)
	at java.base/java.lang.reflect.Method.invoke(Method.java:580)
	at java.base/java.util.ArrayList.forEach(ArrayList.java:1596)
	at java.base/java.util.ArrayList.forEach(ArrayList.java:1596)
]]></error>
    <system-out><![CDATA[2025-03-25T21:14:48.150+05:30  INFO 11832 --- [ecommerce] [           main] o.s.b.t.m.w.SpringBootMockServletContext : Initializing Spring TestDispatcherServlet ''
2025-03-25T21:14:48.151+05:30  INFO 11832 --- [ecommerce] [           main] o.s.t.web.servlet.TestDispatcherServlet  : Initializing Servlet ''
2025-03-25T21:14:48.151+05:30  INFO 11832 --- [ecommerce] [           main] o.s.t.web.servlet.TestDispatcherServlet  : Completed initialization in 0 ms
]]></system-out>
  </testcase>
  <testcase name="consumerDeleteProductInCart" classname="com.fresco.ecommerce.EcommerceApplicationTests" time="0.007">
    <error message="End of input at character 0 of " type="org.json.JSONException"><![CDATA[org.json.JSONException: End of input at character 0 of 
	at org.json.JSONTokener.syntaxError(JSONTokener.java:450)
	at org.json.JSONTokener.nextValue(JSONTokener.java:97)
	at org.json.JSONObject.<init>(JSONObject.java:155)
	at org.json.JSONObject.<init>(JSONObject.java:172)
	at com.fresco.ecommerce.EcommerceApplicationTests.consumerDeleteProductInCart(EcommerceApplicationTests.java:431)
	at java.base/java.lang.reflect.Method.invoke(Method.java:580)
	at java.base/java.util.ArrayList.forEach(ArrayList.java:1596)
	at java.base/java.util.ArrayList.forEach(ArrayList.java:1596)
]]></error>
    <system-out><![CDATA[2025-03-25T21:14:48.157+05:30  INFO 11832 --- [ecommerce] [           main] o.s.b.t.m.w.SpringBootMockServletContext : Initializing Spring TestDispatcherServlet ''
2025-03-25T21:14:48.158+05:30  INFO 11832 --- [ecommerce] [           main] o.s.t.web.servlet.TestDispatcherServlet  : Initializing Servlet ''
2025-03-25T21:14:48.159+05:30  INFO 11832 --- [ecommerce] [           main] o.s.t.web.servlet.TestDispatcherServlet  : Completed initialization in 1 ms
]]></system-out>
  </testcase>
  <testcase name="sellerDeleteProduct" classname="com.fresco.ecommerce.EcommerceApplicationTests" time="0.006">
    <error message="End of input at character 0 of " type="org.json.JSONException"><![CDATA[org.json.JSONException: End of input at character 0 of 
	at org.json.JSONTokener.syntaxError(JSONTokener.java:450)
	at org.json.JSONTokener.nextValue(JSONTokener.java:97)
	at org.json.JSONObject.<init>(JSONObject.java:155)
	at org.json.JSONObject.<init>(JSONObject.java:172)
	at com.fresco.ecommerce.EcommerceApplicationTests.sellerDeleteProduct(EcommerceApplicationTests.java:450)
	at java.base/java.lang.reflect.Method.invoke(Method.java:580)
	at java.base/java.util.ArrayList.forEach(ArrayList.java:1596)
	at java.base/java.util.ArrayList.forEach(ArrayList.java:1596)
]]></error>
    <system-out><![CDATA[2025-03-25T21:14:48.165+05:30  INFO 11832 --- [ecommerce] [           main] o.s.b.t.m.w.SpringBootMockServletContext : Initializing Spring TestDispatcherServlet ''
2025-03-25T21:14:48.166+05:30  INFO 11832 --- [ecommerce] [           main] o.s.t.web.servlet.TestDispatcherServlet  : Initializing Servlet ''
2025-03-25T21:14:48.166+05:30  INFO 11832 --- [ecommerce] [           main] o.s.t.web.servlet.TestDispatcherServlet  : Completed initialization in 0 ms
]]></system-out>
  </testcase>
</testsuite>